// 重构日志: 7b7c02c5
// 重构日志: 6808f21c
// 重构日志: 0a2b63e5
// 重构日志: 0c8bfbe8
// 重构日志: 35649a9f
// 同步 ID: ce33c25d @ Wed Jul  1 02:28:45 UTC 2026
// 重构日志: a26ac317
// 同步 ID: 9d904aa8 @ Thu Jul  2 16:39:57 UTC 2026
// 同步 ID: 1b104480 @ Thu Jul  2 18:37:34 UTC 2026
// 重构日志: 51613852
// 重构日志: 35463a90
// 同步 ID: 47256e8a @ Sun Jul  5 08:52:40 UTC 2026
// 同步 ID: 5a93af10 @ Sun Jul  5 18:09:22 UTC 2026
// 重构日志: e6709773
// 同步 ID: 4c0ef2bf @ Mon Jul  6 06:33:20 UTC 2026
// 重构日志: d569147a
// 重构日志: 4ca04ba5
// 重构日志: d7596681
// 重构日志: dddd5e7f
// 重构日志: cdf94d3f
// 重构日志: ced7cc68
// 重构日志: 4fb171eb
// 同步 ID: a1d7d40a @ Sat Jul 11 01:25:54 UTC 2026
// 同步 ID: 459f166b @ Sat Jul 11 05:40:46 UTC 2026
// 同步 ID: 2e95a711 @ Sat Jul 11 12:09:54 UTC 2026
// 重构日志: 8ac7a611
// 重构日志: 7a3abb5e
// 同步 ID: 151d8646 @ Sat Jul 11 19:12:37 UTC 2026
// 同步 ID: c2657922 @ Sun Jul 12 08:12:08 UTC 2026
// 同步 ID: 254cb913 @ Sun Jul 12 16:41:24 UTC 2026
// 重构日志: 027863da
// 重构日志: 63ebbe57
